Log file open, 09/16/16 08:11:50
LogInit:Display: Running engine for game: CannonPrototype
LogInit: Version: 4.7.6-2513093+++depot+UE4-Releases+4.7
LogInit: API Version: 2455222
LogInit: Compiled (64-bit): Apr 15 2015 12:09:54
LogInit: Compiled with Visual C++: 18.00.21005.01
LogInit: Build Configuration: Development
LogInit: Branch Name: ++depot+UE4-Releases+4.7
LogInit: Command line: -EpicPortal 
LogInit: Base directory: E:/Program Files/Epic Games/4.7/Engine/Binaries/Win64/
LogInit: Rocket: 1
[2016.09.16-13.11.50:783][  0]LogTaskGraph: Started task graph with 3 named threads and 8 total threads.
[2016.09.16-13.11.50:858][  0]LogOnline:Warning: No default platform service specified for OnlineSubsystem
[2016.09.16-13.11.51:211][  0]LogInit: Presizing for 0 objects not considered by GC, pre-allocating 0 bytes.
[2016.09.16-13.11.51:225][  0]LogInit: Object subsystem initialized
[2016.09.16-13.11.51:227][  0]LogConsoleResponse:Warning: Skipping Unknown console variable: 'TranslucentSortAxis = (X=0.000000,Y=-1.000000,Z=0.000000)'
[2016.09.16-13.11.51:227][  0]LogConsoleResponse:Warning:   Found in ini file 'E:/My Documents/Unreal Projects/CannonPrototype/Saved/Config/Windows/Engine.ini', in section '[/Script/Engine.RendererSettings]'
[2016.09.16-13.11.51:227][  0]LogConsoleResponse:Warning: Skipping Unknown console variable: 'UIScaleRule = ShortestSide'
[2016.09.16-13.11.51:227][  0]LogConsoleResponse:Warning:   Found in ini file 'E:/My Documents/Unreal Projects/CannonPrototype/Saved/Config/Windows/Engine.ini', in section '[/Script/Engine.RendererSettings]'
[2016.09.16-13.11.51:227][  0]LogConsoleResponse:Warning: Skipping Unknown console variable: 'UIScaleCurve = (EditorCurveData=(Keys=),ExternalCurve=None)'
[2016.09.16-13.11.51:227][  0]LogConsoleResponse:Warning:   Found in ini file 'E:/My Documents/Unreal Projects/CannonPrototype/Saved/Config/Windows/Engine.ini', in section '[/Script/Engine.RendererSettings]'
[2016.09.16-13.11.51:228][  0]LogInit: Selected Device Profile: [Windows]
[2016.09.16-13.11.51:228][  0]LogInit: Applying CVar settings loaded from the selected device profile: [Windows]
[2016.09.16-13.11.51:626][  0]LogInit: Computer: DANIEL-PC
[2016.09.16-13.11.51:626][  0]LogInit: User: Daniel
[2016.09.16-13.11.51:626][  0]LogInit: CPU Page size=4096, Cores=6
[2016.09.16-13.11.51:626][  0]LogInit: High frequency timer resolution =3.342753 MHz
[2016.09.16-13.11.51:626][  0]LogMemory: Memory total: Physical=8.0GB (8GB approx) Virtual=8192.0GB
[2016.09.16-13.11.51:626][  0]LogMemory: Platform Memory Stats for Windows
[2016.09.16-13.11.51:626][  0]LogMemory: Process Physical Memory: 47.92 MB used, 47.92 MB peak
[2016.09.16-13.11.51:626][  0]LogMemory: Process Virtual Memory: 24.04 MB used, 24.04 MB peak
[2016.09.16-13.11.51:626][  0]LogMemory: Physical Memory: 5033.21 MB used, 8189.37 MB total
[2016.09.16-13.11.51:626][  0]LogMemory: Virtual Memory: 277.68 MB used, 8388608.00 MB total
[2016.09.16-13.11.51:722][  0]LogD3D11RHI: Found D3D11 adapter 0: NVIDIA GeForce GTX 560 Ti (Feature Level 11_0)
[2016.09.16-13.11.51:722][  0]LogD3D11RHI: Adapter has 1999MB of dedicated video memory, 0MB of dedicated system memory, and 2047MB of shared system memory, 2 output[s]
[2016.09.16-13.11.51:722][  0]LogD3D11RHI: Chosen D3D11 Adapter Id = 0
[2016.09.16-13.11.51:729][  0]LogRHI: Texture pool is 1361 MB (70% of 1945 MB)
[2016.09.16-13.11.51:739][  0]LogD3D11RHI: Async texture creation enabled
[2016.09.16-13.11.55:598][  0]LogTextLocalizationManager: The requested culture ('en_US') has no localization data; parent culture's ('en') localization data will be used.
[2016.09.16-13.11.57:992][  0]LogTextLocalizationManager:Warning: Loading localization resources contain conflicting entries for (Namespace:UICommands, Key:Save_ToolTip):
Resource: (E:/Program Files/Epic Games/4.7/Engine/Content/Localization/Editor/en/Editor.locres) Hash: (-29098895) String: (Saves the current level to disk)
Resource: (E:/Program Files/Epic Games/4.7/Engine/Content/Localization/Engine/en/Engine.locres) Hash: (-1280300587) String: (Save selected data to vlog file)
[2016.09.16-13.11.57:993][  0]LogTextLocalizationManager:Warning: Loading localization resources contain conflicting entries for (Namespace:ContentBrowser, Key:ImportAssetToolTip):
Resource: (E:/Program Files/Epic Games/4.7/Engine/Content/Localization/Editor/en/Editor.locres) Hash: (-630476809) String: (Import to {0}...)
Resource: (E:/Program Files/Epic Games/4.7/Engine/Content/Localization/Editor/en/Editor.locres) Hash: (1271782899) String: (Imports an asset from file to this folder.)
[2016.09.16-13.11.58:102][  0]LogContentStreaming: Texture pool size is 0.000000MB
[2016.09.16-13.12.08:310][  0]LogTargetPlatformManager:Display: Building Assets For Windows
[2016.09.16-13.12.09:829][  0]LogTargetPlatformManager:Display: Building Assets For Windows
[2016.09.16-13.12.09:950][  0]LogDerivedDataCache:Display: Max Cache Size: 512 MB
[2016.09.16-13.12.10:122][  0]LogDerivedDataCache: Loaded boot cache 0.17s 39MB C:/Users/Daniel/AppData/Local/UnrealEngine/4.7/DerivedDataCache/Boot.ddc.
[2016.09.16-13.12.10:122][  0]LogDerivedDataCache:Display: Loaded Boot cache: C:/Users/Daniel/AppData/Local/UnrealEngine/4.7/DerivedDataCache/Boot.ddc
[2016.09.16-13.12.10:123][  0]LogDerivedDataCache: FDerivedDataBackendGraph:  Pak pak cache file ../../../../../../My Documents/Unreal Projects/CannonPrototype/DerivedDataCache/DDC.ddp not found, will not use a pak cache.
[2016.09.16-13.12.10:123][  0]LogDerivedDataCache: Unable to find inner node Pak for hierarchical cache Hierarchy.
[2016.09.16-13.12.10:346][  0]LogDerivedDataCache:Display: Pak cache opened for reading ../../../Engine/DerivedDataCache/Compressed.ddp.
[2016.09.16-13.12.10:358][  0]LogDerivedDataCache: Using Local data cache path C:/Users/Daniel/AppData/Local/UnrealEngine/Common/DerivedDataCache: Writable
[2016.09.16-13.12.18:044][  0]LogMeshUtilities: No automatic mesh reduction module available
[2016.09.16-13.12.18:044][  0]LogMeshUtilities: No automatic mesh merging module available
[2016.09.16-13.12.18:513][  0]LogInit: WinSock: version 1.1 (2.2), MaxSocks=32767, MaxUdp=65467
[2016.09.16-13.12.19:132][  0]LogSlate:Warning: Failed to load font data from '../../../Engine/Content/Slate/Fonts/Roboto-Italic.ttf'
[2016.09.16-13.13.11:969][  0]UdpMessaging: Initializing bridge on interface 0.0.0.0:0 to multicast group 230.0.0.1:6666.
[2016.09.16-13.13.13:315][  0]SourceControl: Info Source control is disabled
[2016.09.16-13.13.13:316][  0]SourceControl: Info Source control is disabled
[2016.09.16-13.13.13:316][  0]SourceControl: Info Source control is disabled
[2016.09.16-13.13.13:316][  0]LogSourceControl: RunCommandInternalRaw: 'git version'
[2016.09.16-13.13.13:316][  0]LogSourceControl: RunCommandInternalRaw: ExecProcess ReturnCode=2 OutResults=''
[2016.09.16-13.13.13:326][  0]SourceControl: Info Source control is disabled
[2016.09.16-13.13.14:780][  0]LogObj: 24232 objects as part of root set at end of initial load.
[2016.09.16-13.13.14:780][  0]LogUObjectAllocator: 5137176 out of 0 bytes used by permanent object pool.
[2016.09.16-13.13.14:978][  0]LogEngine: Initializing Engine...
[2016.09.16-13.13.18:204][  0]LogInit: XAudio2 using 'Headphones (High Definition Audio Device)' : 2 channels at 44.1 kHz using 16 bits per sample (channel mask 0x3)
[2016.09.16-13.13.18:215][  0]LogInit: FAudioDevice initialized.
[2016.09.16-13.13.18:368][  0]LogAIModule: Creating AISystem for world NewWorld
[2016.09.16-13.13.18:415][  0]LogDerivedDataCache: Saved boot cache 0.05s 39MB C:/Users/Daniel/AppData/Local/UnrealEngine/4.7/DerivedDataCache/Boot.ddc.
[2016.09.16-13.13.18:428][  0]LogInit: Texture streaming: Enabled
[2016.09.16-13.13.18:878][  0]LogAnalytics: Creating configured Analytics provider AnalyticsET
[2016.09.16-13.13.18:878][  0]LogAnalytics: ET APIKey = Rocket.Release. APIServer = http://et2.epicgames.com/ET2/. AppVersion = 4.7.6-2513093+++depot+UE4-Releases+4.7
[2016.09.16-13.13.18:878][  0]LogAnalytics: ET APIKey = Rocket.Release. DataRouterUploadURL = https://datarouter-public-service-gamedev.ol.epicgames.net/datarouter/api/v1/public/data. AppVersion = 4.7.6-2513093+++depot+UE4-Releases+4.7
[2016.09.16-13.13.18:904][  0]LogAnalytics: SetUserId 9ef90d664b98b154b521e2b3f665222b|b42558549bc944ae9f40a3b9117bdc1c|f3722435-8766-4c54-ac16-a0f8e0458709
[2016.09.16-13.13.18:904][  0]LogAnalytics: AnalyticsET::StartSession [Rocket.Release]
[2016.09.16-13.13.19:150][  0]LogInit: Transaction tracking system initialized
[2016.09.16-13.13.19:725][  0]BlueprintLog: New page: Editor Load
[2016.09.16-13.13.19:790][  0]LogAssetRegistry: FAssetRegistry took 0.0102 seconds to start up
[2016.09.16-13.13.19:791][  0]LogDirectoryWatcher:Warning: Failed to begin reading directory changes for ../../../Engine/Plugins/Experimental/CharacterAI/Content/. Error: 0
[2016.09.16-13.13.21:744][  0]LogTargetPlatformManager:Display: Building Assets For Windows
[2016.09.16-13.13.22:292][  0]LogTargetPlatformManager:Display: Building Assets For Windows
[2016.09.16-13.13.23:505][  0]LogSlate:Warning: Failed to load font data from '../../../Engine/Content/Editor/Slate/Fonts/Roboto-Regular.ttf'
[2016.09.16-13.13.23:505][  0]LogSlate:Warning: Failed to load font data from '../../../Engine/Content/Editor/Slate/Fonts/Roboto-Bold.ttf'
[2016.09.16-13.13.23:679][  0]LogConsoleResponse:Display: 
[2016.09.16-13.13.25:875][  0]LogCook:Display: Done creating registry. It took  0.00s.
[2016.09.16-13.13.27:939][  0]SourceControl: Info Source control is disabled
[2016.09.16-13.13.27:939][  0]Cmd: MAP LOAD FILE="../../../../../../My Documents/Unreal Projects/CannonPrototype/Content/RollingBP/Maps/RollingBPExampleMap.umap" TEMPLATE=0 SHOWPROGRESS=1 FEATURELEVEL=3
[2016.09.16-13.13.28:342][  0]LightingResults: New page: Lighting Build
[2016.09.16-13.13.28:358][  0]MapCheck: New page: Map Check
[2016.09.16-13.13.28:358][  0]LightingResults: New page: Lighting Build
[2016.09.16-13.13.28:371][  0]LogParticles: Destroying 0 GPU particle simulations for FXSystem 0x0000000004156980
[2016.09.16-13.13.32:426][  0]LogEditorServer: Finished looking for orphan Actors (0.000 secs)
[2016.09.16-13.13.44:681][  0]LogAIModule: Creating AISystem for world RollingBPExampleMap
[2016.09.16-13.13.44:682][  0]Cmd: MAP CHECKDEP
[2016.09.16-13.13.44:682][  0]MapCheck: New page: RollingBPExampleMap - Sep 16, 2016, 3:13:44 AM
[2016.09.16-13.13.44:772][  0]MapCheck: Info Map check complete: 0 Error(s), 0 Warning(s), took 90.62ms to complete.
[2016.09.16-13.13.44:773][  0]LogFileHelpers: Loading map 'RollingBPExampleMap' took 16.833
[2016.09.16-13.13.45:497][  0]LogCollectionManager: Loaded 0 collections in 0.002272 seconds
[2016.09.16-13.13.45:509][  0]LogContentBrowser: Native class hierarchy populated in 0.0119 seconds. Added 1696 classes and 261 folders.
[2016.09.16-13.13.45:604][  0]LogContentBrowser: Native class hierarchy updated for 'SceneOutliner' in 0.0020 seconds. Added 1 classes and 2 folders.
[2016.09.16-13.13.46:266][  0]LogCrashTracker: Crashtracker disabled due to settings.
[2016.09.16-13.13.46:268][  0]LogSlate:Warning: Failed to load font data from 'Veranda'
[2016.09.16-13.13.46:349][  0]LogLoad: Full Startup: 129.94 seconds (BP compile: 0.29 seconds)
[2016.09.16-13.13.47:940][  0]LogRenderer:Warning: Reallocating scene render targets to support 1208x576 (Frame:2).
[2016.09.16-13.13.49:788][  6]LogAssetRegistry: Asset discovery search completed in 30.0094 seconds
[2016.09.16-13.13.52:752][ 15]LogEditorViewport: Clicking on Actor (LMB): PhysicsBallBP_C (PhysicsBallBP)
[2016.09.16-13.14.24:936][263]LogSavePackage: Save=2084.189941ms
[2016.09.16-13.14.24:936][263]LogSavePackage: Moving '../../../../../../My Documents/Unreal Projects/CannonPrototype/Saved/RollingBPExampleMapC30CAFEE49FD79E7DD1520B3113F4B97.tmp' to '../../../../../../My Documents/Unreal Projects/CannonPrototype/Content/RollingBP/Maps/RollingBPExampleMap.umap'
[2016.09.16-13.14.26:616][330]LogPlayLevel: PIE:  No blueprints needed recompiling
[2016.09.16-13.14.26:616][330]PIE: New page: PIE session: RollingBPExampleMap (Sep 16, 2016, 3:14:26 AM)
[2016.09.16-13.14.26:658][330]LogPlayLevel: PIE: StaticDuplicateObject took: (0.040974s)
[2016.09.16-13.14.26:659][330]LogPlayLevel: PIE: World Init took: (0.001448s)
[2016.09.16-13.14.26:660][330]LogPlayLevel: PIE: Created PIE world by copying editor world from /Game/RollingBP/Maps/RollingBPExampleMap.RollingBPExampleMap to /Game/RollingBP/Maps/UEDPIE_0_RollingBPExampleMap.RollingBPExampleMap (0.042796s)
[2016.09.16-13.14.26:774][330]LogWorld: Game class is 'RollingGameMode_C'
[2016.09.16-13.14.26:777][330]LogAIModule: Creating AISystem for world RollingBPExampleMap
[2016.09.16-13.14.26:796][330]LogWorld: Bringing World /Game/RollingBP/Maps/UEDPIE_0_RollingBPExampleMap.RollingBPExampleMap up for play (max tick rate 0) at 2016.09.16-08.14.26
[2016.09.16-13.14.26:797][330]LogWorld: Bringing up level for play took: 0.019377
[2016.09.16-13.14.26:799][330]PIE: Info Play in editor start time for /Game/RollingBP/Maps/UEDPIE_0_RollingBPExampleMap 0.428
[2016.09.16-13.14.56:723][379]LogParticles: Destroying 0 GPU particle simulations for FXSystem 0x000000000FE4A160
[2016.09.16-13.14.59:650][531]LogContentBrowser:Verbose: The content browser source was changed by the sources view to '/Game/RollingBP'
[2016.09.16-13.15.01:575][609]LogContentBrowser:Verbose: The content browser source was changed by the sources view to '/Game/RollingBP/Blueprints'
[2016.09.16-13.15.05:316][728]LogRenderer:Warning: Reallocating scene render targets to support 1208x904 (Frame:6057).
[2016.09.16-13.15.30:621][264]BlueprintLog: New page: Compile PhysicsBallBP
[2016.09.16-13.15.30:941][264]BlueprintEditorCompileResults: Info [0234.52] Compile of PhysicsBallBP successful! [in 306 ms]
[2016.09.16-13.15.31:986][322]LogPlayLevel: PIE:  No blueprints needed recompiling
[2016.09.16-13.15.31:986][322]PIE: New page: PIE session: RollingBPExampleMap (Sep 16, 2016, 3:15:31 AM)
[2016.09.16-13.15.32:031][322]LogPlayLevel: PIE: StaticDuplicateObject took: (0.044736s)
[2016.09.16-13.15.32:032][322]LogPlayLevel: PIE: World Init took: (0.001136s)
[2016.09.16-13.15.32:033][322]LogPlayLevel: PIE: Created PIE world by copying editor world from /Game/RollingBP/Maps/RollingBPExampleMap.RollingBPExampleMap to /Game/RollingBP/Maps/UEDPIE_0_RollingBPExampleMap.RollingBPExampleMap (0.046146s)
[2016.09.16-13.15.32:125][322]LogWorld: Game class is 'RollingGameMode_C'
[2016.09.16-13.15.32:128][322]LogAIModule: Creating AISystem for world RollingBPExampleMap
[2016.09.16-13.15.32:146][322]LogWorld: Bringing World /Game/RollingBP/Maps/UEDPIE_0_RollingBPExampleMap.RollingBPExampleMap up for play (max tick rate 0) at 2016.09.16-08.15.32
[2016.09.16-13.15.32:147][322]LogWorld: Bringing up level for play took: 0.018113
[2016.09.16-13.15.32:188][322]PIE: Info Play in editor start time for /Game/RollingBP/Maps/UEDPIE_0_RollingBPExampleMap -0.184
[2016.09.16-13.15.32:223][322]LogRenderer:Warning: Reallocating scene render targets to support 1296x904 (Frame:7714).
[2016.09.16-13.15.40:593][ 22]LogParticles: Destroying 0 GPU particle simulations for FXSystem 0x0000000052E37920
[2016.09.16-13.15.45:528][359]BlueprintLog: New page: Compile PhysicsBallBP
[2016.09.16-13.15.45:687][359]BlueprintEditorCompileResults: Info [0249.28] Compile of PhysicsBallBP successful! [in 159 ms]
[2016.09.16-13.15.46:485][398]LogPlayLevel: PIE:  No blueprints needed recompiling
[2016.09.16-13.15.46:485][398]PIE: New page: PIE session: RollingBPExampleMap (Sep 16, 2016, 3:15:46 AM)
[2016.09.16-13.15.46:529][398]LogPlayLevel: PIE: StaticDuplicateObject took: (0.042983s)
[2016.09.16-13.15.46:530][398]LogPlayLevel: PIE: World Init took: (0.001038s)
[2016.09.16-13.15.46:530][398]LogPlayLevel: PIE: Created PIE world by copying editor world from /Game/RollingBP/Maps/RollingBPExampleMap.RollingBPExampleMap to /Game/RollingBP/Maps/UEDPIE_0_RollingBPExampleMap.RollingBPExampleMap (0.044270s)
[2016.09.16-13.15.46:602][398]LogWorld: Game class is 'RollingGameMode_C'
[2016.09.16-13.15.46:605][398]LogAIModule: Creating AISystem for world RollingBPExampleMap
[2016.09.16-13.15.46:623][398]LogWorld: Bringing World /Game/RollingBP/Maps/UEDPIE_0_RollingBPExampleMap.RollingBPExampleMap up for play (max tick rate 0) at 2016.09.16-08.15.46
[2016.09.16-13.15.46:624][398]LogWorld: Bringing up level for play took: 0.018482
[2016.09.16-13.15.46:645][398]PIE: Info Play in editor start time for /Game/RollingBP/Maps/UEDPIE_0_RollingBPExampleMap 0.273
[2016.09.16-13.15.59:917][510]LogParticles: Destroying 0 GPU particle simulations for FXSystem 0x0000000053A23920
[2016.09.16-13.16.18:239][650]BlueprintLog: New page: Compile PhysicsBallBP
[2016.09.16-13.16.18:400][650]BlueprintEditorCompileResults: Info [0281.99] Compile of PhysicsBallBP successful! [in 161 ms]
[2016.09.16-13.16.19:070][677]LogPlayLevel: PIE:  No blueprints needed recompiling
[2016.09.16-13.16.19:071][677]PIE: New page: PIE session: RollingBPExampleMap (Sep 16, 2016, 3:16:19 AM)
[2016.09.16-13.16.19:115][677]LogPlayLevel: PIE: StaticDuplicateObject took: (0.043322s)
[2016.09.16-13.16.19:116][677]LogPlayLevel: PIE: World Init took: (0.001078s)
[2016.09.16-13.16.19:116][677]LogPlayLevel: PIE: Created PIE world by copying editor world from /Game/RollingBP/Maps/RollingBPExampleMap.RollingBPExampleMap to /Game/RollingBP/Maps/UEDPIE_0_RollingBPExampleMap.RollingBPExampleMap (0.044668s)
[2016.09.16-13.16.19:189][677]LogWorld: Game class is 'RollingGameMode_C'
[2016.09.16-13.16.19:192][677]LogAIModule: Creating AISystem for world RollingBPExampleMap
[2016.09.16-13.16.19:210][677]LogWorld: Bringing World /Game/RollingBP/Maps/UEDPIE_0_RollingBPExampleMap.RollingBPExampleMap up for play (max tick rate 0) at 2016.09.16-08.16.19
[2016.09.16-13.16.19:211][677]LogWorld: Bringing up level for play took: 0.018315
[2016.09.16-13.16.19:232][677]PIE: Info Play in editor start time for /Game/RollingBP/Maps/UEDPIE_0_RollingBPExampleMap 0.859
[2016.09.16-13.17.51:514][587]LogParticles: Destroying 0 GPU particle simulations for FXSystem 0x0000000052FB4FE0
[2016.09.16-13.17.54:682][753]BlueprintLog: New page: Compile PhysicsBallBP
[2016.09.16-13.17.54:840][753]BlueprintEditorCompileResults: Info [0378.43] Compile of PhysicsBallBP successful! [in 158 ms]
[2016.09.16-13.18.50:511][395]Cmd: OBJ SAVEPACKAGE PACKAGE="/Game/RollingBP/Blueprints/PhysicsBallBP" FILE="../../../../../../My Documents/Unreal Projects/CannonPrototype/Content/RollingBP/Blueprints/PhysicsBallBP.uasset" SILENT=true
[2016.09.16-13.18.50:992][395]LogSavePackage: Save=455.314514ms
[2016.09.16-13.18.50:992][395]LogSavePackage: Moving '../../../../../../My Documents/Unreal Projects/CannonPrototype/Saved/PhysicsBallBPBAFED8E94E6E68F94F7FB3B78543F3A2.tmp' to '../../../../../../My Documents/Unreal Projects/CannonPrototype/Content/RollingBP/Blueprints/PhysicsBallBP.uasset'
[2016.09.16-13.20.30:588][ 65]LogSavePackage: Save=1522.911743ms
[2016.09.16-13.20.30:588][ 65]LogSavePackage: Moving '../../../../../../My Documents/Unreal Projects/CannonPrototype/Saved/RollingBPExampleMap202E308D423E749C4DF698A4E4F4532B.tmp' to '../../../../../../My Documents/Unreal Projects/CannonPrototype/Content/RollingBP/Maps/RollingBPExampleMap.umap'
[2016.09.16-13.38.20:055][533]LogSavePackage: Save=1548.816772ms
[2016.09.16-13.38.20:055][533]LogSavePackage: Moving '../../../../../../My Documents/Unreal Projects/CannonPrototype/Saved/RollingBPExampleMapE0A7638844B6583F2355EFAA01621A1B.tmp' to '../../../../../../My Documents/Unreal Projects/CannonPrototype/Content/RollingBP/Maps/RollingBPExampleMap.umap'
[2016.09.16-13.41.25:444][537]Cmd: QUIT_EDITOR
[2016.09.16-13.41.26:067][537]LogExit: Preparing to exit.
[2016.09.16-13.41.27:435][537]LogExit: Editor shut down
[2016.09.16-13.41.27:436][537]LogExit: Transaction tracking system shut down
[2016.09.16-13.41.27:437][537]LogParticles: Destroying 0 GPU particle simulations for FXSystem 0x000000001693DE40
[2016.09.16-13.41.27:438][537]LogParticles: Destroying 0 GPU particle simulations for FXSystem 0x0000000042A511C0
[2016.09.16-13.41.27:438][537]LogParticles: Destroying 0 GPU particle simulations for FXSystem 0x0000000019DE6F20
[2016.09.16-13.41.27:438][537]LogParticles: Destroying 0 GPU particle simulations for FXSystem 0x000000000FE49DA0
[2016.09.16-13.41.28:637][537]LogExit: Object subsystem successfully closed.
[2016.09.16-13.41.29:118][537]LogModuleManager: Shutting down and abandoning module ExternalImagePicker (178)
[2016.09.16-13.41.29:118][537]LogModuleManager: Shutting down and abandoning module CrashTracker (177)
[2016.09.16-13.41.29:118][537]LogModuleManager: Shutting down and abandoning module SuperSearch (176)
[2016.09.16-13.41.29:118][537]LogModuleManager: Shutting down and abandoning module SceneOutliner (175)
[2016.09.16-13.41.29:118][537]LogModuleManager: Shutting down and abandoning module EditorWidgets (174)
[2016.09.16-13.41.29:118][537]LogModuleManager: Shutting down and abandoning module CollectionManager (173)
[2016.09.16-13.41.29:131][537]LogModuleManager: Shutting down and abandoning module StatsViewer (172)
[2016.09.16-13.41.29:156][537]LogModuleManager: Shutting down and abandoning module FoliageEdit (171)
[2016.09.16-13.41.29:156][537]LogModuleManager: Shutting down and abandoning module LandscapeEditor (170)
[2016.09.16-13.41.29:163][537]LogModuleManager: Shutting down and abandoning module MeshPaint (169)
[2016.09.16-13.41.29:173][537]LogModuleManager: Shutting down and abandoning module ActorPickerMode (168)
[2016.09.16-13.41.29:173][537]LogModuleManager: Shutting down and abandoning module GeometryMode (167)
[2016.09.16-13.41.29:173][537]LogModuleManager: Shutting down and abandoning module TextureAlignMode (166)
[2016.09.16-13.41.29:173][537]LogModuleManager: Shutting down and abandoning module BspMode (165)
[2016.09.16-13.41.29:173][537]LogModuleManager: Shutting down and abandoning module PlacementMode (164)
[2016.09.16-13.41.29:173][537]LogModuleManager: Shutting down and abandoning module AutomationWorker (163)
[2016.09.16-13.41.29:173][537]LogModuleManager: Shutting down and abandoning module CharacterAI (162)
[2016.09.16-13.41.29:173][537]LogModuleManager: Shutting down and abandoning module SmartSnapping (161)
[2016.09.16-13.41.29:173][537]LogModuleManager: Shutting down and abandoning module ViewportSnapping (160)
[2016.09.16-13.41.29:173][537]LogModuleManager: Shutting down and abandoning module LogVisualizer (159)
[2016.09.16-13.41.29:217][537]LogModuleManager: Shutting down and abandoning module GameProjectGeneration (158)
[2016.09.16-13.41.29:225][537]LogModuleManager: Shutting down and abandoning module IntroTutorials (157)
[2016.09.16-13.41.29:250][537]LogModuleManager: Shutting down and abandoning module EditorLiveStreaming (156)
[2016.09.16-13.41.29:258][537]LogModuleManager: Shutting down and abandoning module HardwareTargeting (155)
[2016.09.16-13.41.29:258][537]LogModuleManager: Shutting down and abandoning module DeviceProfileEditor (154)
[2016.09.16-13.41.29:271][537]LogModuleManager: Shutting down and abandoning module UndoHistory (153)
[2016.09.16-13.41.29:284][537]LogModuleManager: Shutting down and abandoning module GameplayTagsEditor (152)
[2016.09.16-13.41.29:284][537]LogModuleManager: Shutting down and abandoning module UserFeedback (151)
[2016.09.16-13.41.29:284][537]LogModuleManager: Shutting down and abandoning module XmlParser (150)
[2016.09.16-13.41.29:295][537]LogModuleManager: Shutting down and abandoning module Blutility (149)
[2016.09.16-13.41.29:295][537]LogModuleManager: Shutting down and abandoning module IOSPlatformEditor (148)
[2016.09.16-13.41.29:295][537]LogModuleManager: Shutting down and abandoning module IOSRuntimeSettings (147)
[2016.09.16-13.41.29:295][537]LogModuleManager: Shutting down and abandoning module AndroidDeviceDetection (146)
[2016.09.16-13.41.29:675][537]LogModuleManager: Shutting down and abandoning module AndroidPlatformEditor (145)
[2016.09.16-13.41.29:675][537]LogModuleManager: Shutting down and abandoning module AndroidRuntimeSettings (144)
[2016.09.16-13.41.29:675][537]LogModuleManager: Shutting down and abandoning module ProjectTargetPlatformEditor (143)
[2016.09.16-13.41.29:675][537]LogModuleManager: Shutting down and abandoning module ProjectSettingsViewer (142)
[2016.09.16-13.41.29:675][537]LogModuleManager: Shutting down and abandoning module InputBindingEditor (141)
[2016.09.16-13.41.29:702][537]LogModuleManager: Shutting down and abandoning module EditorSettingsViewer (140)
[2016.09.16-13.41.29:702][537]LogModuleManager: Shutting down and abandoning module SettingsEditor (139)
[2016.09.16-13.41.29:702][537]LogModuleManager: Shutting down and abandoning module ProjectLauncher (138)
[2016.09.16-13.41.29:723][537]LogModuleManager: Shutting down and abandoning module SessionFrontend (137)
[2016.09.16-13.41.29:730][537]LogModuleManager: Shutting down and abandoning module ProfilerClient (136)
[2016.09.16-13.41.29:742][537]LogModuleManager: Shutting down and abandoning module TargetDeviceServices (135)
[2016.09.16-13.41.29:742][537]LogModuleManager: Shutting down and abandoning module DeviceManager (134)
[2016.09.16-13.41.29:893][537]LogModuleManager: Shutting down and abandoning module AutomationController (133)
[2016.09.16-13.41.29:908][537]LogModuleManager: Shutting down and abandoning module AutomationWindow (132)
[2016.09.16-13.41.29:927][537]LogModuleManager: Shutting down and abandoning module Layers (131)
[2016.09.16-13.41.29:962][537]LogModuleManager: Shutting down and abandoning module ComponentVisualizers (130)
[2016.09.16-13.41.29:962][537]LogModuleManager: Shutting down and abandoning module DetailCustomizations (129)
[2016.09.16-13.41.29:963][537]LogModuleManager: Shutting down and abandoning module PackagesDialog (128)
[2016.09.16-13.41.29:963][537]LogModuleManager: Shutting down and abandoning module AssetRegistry (127)
[2016.09.16-13.41.30:042][537]LogModuleManager: Shutting down and abandoning module Persona (126)
[2016.09.16-13.41.30:075][537]LogModuleManager: Shutting down and abandoning module SlateReflector (125)
[2016.09.16-13.41.30:092][537]LogModuleManager: Shutting down and abandoning module LevelEditor (124)
[2016.09.16-13.41.30:102][537]LogModuleManager: Shutting down and abandoning module Kismet (123)
[2016.09.16-13.41.30:102][537]LogModuleManager: Shutting down and abandoning module GraphEditor (122)
[2016.09.16-13.41.30:102][537]LogModuleManager: Shutting down and abandoning module ClassViewer (121)
[2016.09.16-13.41.30:102][537]LogModuleManager: Shutting down and abandoning module Toolbox (120)
[2016.09.16-13.41.30:102][537]LogModuleManager: Shutting down and abandoning module ModuleUI (119)
[2016.09.16-13.41.30:116][537]LogModuleManager: Shutting down and abandoning module MovieSceneTools (118)
[2016.09.16-13.41.30:142][537]LogModuleManager: Shutting down and abandoning module OutputLog (117)
[2016.09.16-13.41.30:142][537]LogModuleManager: Shutting down and abandoning module GammaUI (116)
[2016.09.16-13.41.30:152][537]LogModuleManager: Shutting down and abandoning module Documentation (115)
[2016.09.16-13.41.30:152][537]LogModuleManager: Shutting down and abandoning module GameLiveStreaming (114)
[2016.09.16-13.41.30:166][537]LogModuleManager: Shutting down and abandoning module StreamingPauseRendering (113)
[2016.09.16-13.41.30:196][537]LogModuleManager: Shutting down and abandoning module HTTP (112)
[2016.09.16-13.41.30:197][537]LogModuleManager: Shutting down and abandoning module AnalyticsET (111)
[2016.09.16-13.41.30:197][537]LogModuleManager: Shutting down and abandoning module Analytics (110)
[2016.09.16-13.41.30:197][537]LogModuleManager: Shutting down and abandoning module AITestSuite (109)
[2016.09.16-13.41.30:200][537]LogModuleManager: Shutting down and abandoning module GameplayDebugger (108)
[2016.09.16-13.41.30:200][537]LogModuleManager: Shutting down and abandoning module AIModule (107)
[2016.09.16-13.41.30:215][537]LogModuleManager: Shutting down and abandoning module ProfilerService (106)
[2016.09.16-13.41.30:347][537]LogModuleManager: Shutting down and abandoning module TaskGraph (105)
[2016.09.16-13.41.30:360][537]LogModuleManager: Shutting down and abandoning module SlateRemote (104)
[2016.09.16-13.41.30:360][537]LogModuleManager: Shutting down and abandoning module ScriptEditorPlugin (103)
[2016.09.16-13.41.30:360][537]LogModuleManager: Shutting down and abandoning module CustomMeshComponent (102)
[2016.09.16-13.41.30:360][537]LogModuleManager: Shutting down and abandoning module CableComponent (101)
[2016.09.16-13.41.30:374][537]LogModuleManager: Shutting down and abandoning module MessagingDebugger (100)
[2016.09.16-13.41.30:385][537]LogModuleManager: Shutting down and abandoning module MediaPlayerEditor (99)
[2016.09.16-13.41.30:394][537]LogModuleManager: Shutting down and abandoning module SpeedTreeImporter (98)
[2016.09.16-13.41.30:394][537]LogModuleManager: Shutting down and abandoning module PluginsEditor (97)
[2016.09.16-13.41.30:407][537]LogModuleManager: Shutting down and abandoning module MainFrame (96)
[2016.09.16-13.41.30:407][537]LogModuleManager: Shutting down and abandoning module EpicSurvey (95)
[2016.09.16-13.41.30:423][537]LogModuleManager: Shutting down and abandoning module DesktopPlatform (94)
[2016.09.16-13.41.30:438][537]LogModuleManager: Shutting down and abandoning module DirectoryWatcher (93)
[2016.09.16-13.41.30:438][537]LogModuleManager: Shutting down and abandoning module HotReload (92)
[2016.09.16-13.41.30:438][537]LogModuleManager: Shutting down and abandoning module VisualStudioSourceCodeAccess (91)
[2016.09.16-13.41.30:454][537]LogModuleManager: Shutting down and abandoning module UObjectPlugin (90)
[2016.09.16-13.41.30:454][537]LogModuleManager: Shutting down and abandoning module SubversionSourceControl (89)
[2016.09.16-13.41.30:466][537]LogModuleManager: Shutting down and abandoning module PerforceSourceControl (88)
[2016.09.16-13.41.30:490][537]LogModuleManager: Shutting down and abandoning module SourceControl (87)
[2016.09.16-13.41.30:503][537]LogModuleManager: Shutting down and abandoning module GitSourceControl (86)
[2016.09.16-13.41.30:519][537]LogModuleManager: Shutting down and abandoning module BlankPlugin (85)
[2016.09.16-13.41.30:519][537]LogModuleManager: Shutting down and abandoning module PaperTiledImporter (84)
[2016.09.16-13.41.30:519][537]LogModuleManager: Shutting down and abandoning module PaperJsonImporter (83)
[2016.09.16-13.41.30:519][537]LogModuleManager: Shutting down and abandoning module ContentBrowser (82)
[2016.09.16-13.41.30:520][537]LogModuleManager: Shutting down and abandoning module Paper2DEditor (81)
[2016.09.16-13.41.30:546][537]LogModuleManager: Shutting down and abandoning module ScriptPlugin (80)
[2016.09.16-13.41.30:560][537]LogModuleManager: Shutting down and abandoning module UdpMessaging (79)
[2016.09.16-13.41.30:660][537]LogModuleManager: Shutting down and abandoning module Paper2D (78)
[2016.09.16-13.41.30:679][537]LogModuleManager: Shutting down and abandoning module WindowsMoviePlayer (77)
[2016.09.16-13.41.30:697][537]LogModuleManager: Shutting down and abandoning module Media (76)
[2016.09.16-13.41.30:697][537]LogModuleManager: Shutting down and abandoning module WmfMedia (75)
[2016.09.16-13.41.30:699][537]LogModuleManager: Shutting down and abandoning module OnlineBlueprintSupport (74)
[2016.09.16-13.41.30:699][537]LogModuleManager: Shutting down and abandoning module PropertyEditor (73)
[2016.09.16-13.41.30:699][537]LogModuleManager: Shutting down and abandoning module BehaviorTreeEditor (72)
[2016.09.16-13.41.30:724][537]LogModuleManager: Shutting down and abandoning module FunctionalTesting (71)
[2016.09.16-13.41.30:740][537]LogModuleManager: Shutting down and abandoning module CollisionAnalyzer (70)
[2016.09.16-13.41.30:763][537]LogModuleManager: Shutting down and abandoning module WorkspaceMenuStructure (69)
[2016.09.16-13.41.30:763][537]LogModuleManager: Shutting down and abandoning module MessageLog (68)
[2016.09.16-13.41.30:763][537]LogModuleManager: Shutting down and abandoning module Sequencer (67)
[2016.09.16-13.41.30:786][537]LogModuleManager: Shutting down and abandoning module AssetTools (66)
[2016.09.16-13.41.30:825][537]LogModuleManager: Shutting down and abandoning module UMGEditor (65)
[2016.09.16-13.41.30:840][537]LogModuleManager: Shutting down and abandoning module UMG (64)
[2016.09.16-13.41.30:846][537]LogModuleManager: Shutting down and abandoning module Slate (63)
[2016.09.16-13.41.30:846][537]LogModuleManager: Shutting down and abandoning module EditorStyle (62)
[2016.09.16-13.41.30:850][537]LogModuleManager: Shutting down and abandoning module SessionServices (61)
[2016.09.16-13.41.30:850][537]LogModuleManager: Shutting down and abandoning module SourceCodeAccess (60)
[2016.09.16-13.41.30:850][537]LogModuleManager: Shutting down and abandoning module HeadMountedDisplay (59)
[2016.09.16-13.41.30:850][537]LogModuleManager: Shutting down and abandoning module XAudio2 (58)
[2016.09.16-13.41.30:850][537]LogModuleManager: Shutting down and abandoning module Networking (56)
[2016.09.16-13.41.30:850][537]LogModuleManager: Shutting down and abandoning module Core (55)
[2016.09.16-13.41.30:850][537]LogModuleManager: Shutting down and abandoning module KismetCompiler (54)
[2016.09.16-13.41.30:850][537]LogModuleManager: Shutting down and abandoning module PhysXFormats (53)
[2016.09.16-13.41.30:850][537]LogModuleManager: Shutting down and abandoning module MeshUtilities (52)
[2016.09.16-13.41.30:882][537]LogModuleManager: Shutting down and abandoning module DerivedDataCache (51)
[2016.09.16-13.41.30:914][537]LogDerivedDataCache: Shutdown
[2016.09.16-13.41.30:914][537]LogModuleManager: Shutting down and abandoning module ShaderFormatOpenGL (50)
[2016.09.16-13.41.30:925][537]LogModuleManager: Shutting down and abandoning module ShaderFormatD3D (49)
[2016.09.16-13.41.30:938][537]LogModuleManager: Shutting down and abandoning module MetalShaderFormat (48)
[2016.09.16-13.41.30:949][537]LogModuleManager: Shutting down and abandoning module TextureFormatUncompressed (47)
[2016.09.16-13.41.30:949][537]LogModuleManager: Shutting down and abandoning module TextureFormatPVR (46)
[2016.09.16-13.41.30:960][537]LogModuleManager: Shutting down and abandoning module TextureFormatIntelISPCTexComp (45)
[2016.09.16-13.41.30:967][537]LogModuleManager: Shutting down and abandoning module TextureFormatDXT (44)
[2016.09.16-13.41.30:975][537]LogModuleManager: Shutting down and abandoning module ImageWrapper (43)
[2016.09.16-13.41.30:975][537]LogModuleManager: Shutting down and abandoning module TextureFormatASTC (42)
[2016.09.16-13.41.30:975][537]LogModuleManager: Shutting down and abandoning module TextureFormatAndroid (41)
[2016.09.16-13.41.30:975][537]LogModuleManager: Shutting down and abandoning module AudioFormatOpus (40)
[2016.09.16-13.41.30:989][537]LogModuleManager: Shutting down and abandoning module AudioFormatOgg (39)
[2016.09.16-13.41.30:989][537]LogModuleManager: Shutting down and abandoning module AudioFormatADPCM (38)
[2016.09.16-13.41.30:989][537]LogModuleManager: Shutting down and abandoning module LinuxTargetPlatform (37)
[2016.09.16-13.41.30:989][537]LogModuleManager: Shutting down and abandoning module LinuxServerTargetPlatform (36)
[2016.09.16-13.41.31:001][537]LogModuleManager: Shutting down and abandoning module LinuxNoEditorTargetPlatform (35)
[2016.09.16-13.41.31:015][537]LogModuleManager: Shutting down and abandoning module Messaging (34)
[2016.09.16-13.41.31:015][537]LogModuleManager: Shutting down and abandoning module IOSTargetPlatform (33)
[2016.09.16-13.41.31:015][537]LogModuleManager: Shutting down and abandoning module HTML5TargetPlatform (32)
[2016.09.16-13.41.31:015][537]LogModuleManager: Shutting down and abandoning module Android_PVRTCTargetPlatform (31)
[2016.09.16-13.41.31:015][537]LogModuleManager: Shutting down and abandoning module Android_ETC2TargetPlatform (30)
[2016.09.16-13.41.31:015][537]LogModuleManager: Shutting down and abandoning module Android_ETC1TargetPlatform (29)
[2016.09.16-13.41.31:015][537]LogModuleManager: Shutting down and abandoning module Android_ES31TargetPlatform (28)
[2016.09.16-13.41.31:015][537]LogModuleManager: Shutting down and abandoning module Android_DXTTargetPlatform (27)
[2016.09.16-13.41.31:015][537]LogModuleManager: Shutting down and abandoning module Android_ATCTargetPlatform (26)
[2016.09.16-13.41.31:015][537]LogModuleManager: Shutting down and abandoning module AndroidTargetPlatform (25)
[2016.09.16-13.41.31:015][537]LogModuleManager: Shutting down and abandoning module WindowsTargetPlatform (24)
[2016.09.16-13.41.31:015][537]LogModuleManager: Shutting down and abandoning module WindowsServerTargetPlatform (23)
[2016.09.16-13.41.31:015][537]LogModuleManager: Shutting down and abandoning module WindowsNoEditorTargetPlatform (22)
[2016.09.16-13.41.31:015][537]LogModuleManager: Shutting down and abandoning module WindowsClientTargetPlatform (21)
[2016.09.16-13.41.31:015][537]LogModuleManager: Shutting down and abandoning module TargetPlatform (20)
[2016.09.16-13.41.31:015][537]LogModuleManager: Shutting down and abandoning module InputCore (19)
[2016.09.16-13.41.31:015][537]LogModuleManager: Shutting down and abandoning module Settings (18)
[2016.09.16-13.41.31:015][537]LogModuleManager: Shutting down and abandoning module OnlineSubsystem (16)
[2016.09.16-13.41.31:015][537]LogModuleManager: Shutting down and abandoning module OculusRift (15)
[2016.09.16-13.41.31:015][537]LogModuleManager: Shutting down and abandoning module ExampleDeviceProfileSelector (14)
[2016.09.16-13.41.31:015][537]LogModuleManager: Shutting down and abandoning module TextureCompressor (13)
[2016.09.16-13.41.31:025][537]LogModuleManager: Shutting down and abandoning module ShaderCore (12)
[2016.09.16-13.41.31:025][537]LogModuleManager: Shutting down and abandoning module Landscape (11)
[2016.09.16-13.41.31:025][537]LogModuleManager: Shutting down and abandoning module SlateRHIRenderer (10)
[2016.09.16-13.41.31:055][537]LogModuleManager: Shutting down and abandoning module OpenGLDrv (9)
[2016.09.16-13.41.31:055][537]LogModuleManager: Shutting down and abandoning module D3D11RHI (8)
[2016.09.16-13.41.31:055][537]LogModuleManager: Shutting down and abandoning module Renderer (7)
[2016.09.16-13.41.31:055][537]LogModuleManager: Shutting down and abandoning module Engine (6)
[2016.09.16-13.41.31:055][537]LogModuleManager: Shutting down and abandoning module CoreUObject (5)
[2016.09.16-13.41.31:055][537]LogModuleManager: Shutting down and abandoning module NetworkFile (4)
[2016.09.16-13.41.31:055][537]LogModuleManager: Shutting down and abandoning module StreamingFile (3)
[2016.09.16-13.41.31:074][537]LogModuleManager: Shutting down and abandoning module SandboxFile (2)
[2016.09.16-13.41.31:087][537]LogModuleManager: Shutting down and abandoning module PakFile (1)
[2016.09.16-13.41.31:099][537]LogExit: Exiting.
[2016.09.16-13.41.31:242][537]Log file closed, 09/16/16 08:41:31
