Log file open, 09/16/16 08:05:48
LogInit:Display: Running engine for game: CannonPrototype
LogInit: Version: 4.7.6-2513093+++depot+UE4-Releases+4.7
LogInit: API Version: 2455222
LogInit: Compiled (64-bit): Apr 15 2015 12:09:54
LogInit: Compiled with Visual C++: 18.00.21005.01
LogInit: Build Configuration: Development
LogInit: Branch Name: ++depot+UE4-Releases+4.7
LogInit: Command line: -EpicPortal 
LogInit: Base directory: E:/Program Files/Epic Games/4.7/Engine/Binaries/Win64/
LogInit: Rocket: 1
[2016.09.16-13.05.48:306][  0]LogTaskGraph: Started task graph with 3 named threads and 8 total threads.
[2016.09.16-13.05.48:380][  0]LogOnline:Warning: No default platform service specified for OnlineSubsystem
[2016.09.16-13.05.48:395][  0]LogInit: Presizing for 0 objects not considered by GC, pre-allocating 0 bytes.
[2016.09.16-13.05.48:409][  0]LogInit: Object subsystem initialized
[2016.09.16-13.05.48:411][  0]LogConsoleResponse:Warning: Skipping Unknown console variable: 'TranslucentSortAxis = (X=0.000000,Y=-1.000000,Z=0.000000)'
[2016.09.16-13.05.48:411][  0]LogConsoleResponse:Warning:   Found in ini file 'E:/My Documents/Unreal Projects/CannonPrototype/Saved/Config/Windows/Engine.ini', in section '[/Script/Engine.RendererSettings]'
[2016.09.16-13.05.48:411][  0]LogConsoleResponse:Warning: Skipping Unknown console variable: 'UIScaleRule = ShortestSide'
[2016.09.16-13.05.48:411][  0]LogConsoleResponse:Warning:   Found in ini file 'E:/My Documents/Unreal Projects/CannonPrototype/Saved/Config/Windows/Engine.ini', in section '[/Script/Engine.RendererSettings]'
[2016.09.16-13.05.48:411][  0]LogConsoleResponse:Warning: Skipping Unknown console variable: 'UIScaleCurve = (EditorCurveData=(Keys=),ExternalCurve=None)'
[2016.09.16-13.05.48:411][  0]LogConsoleResponse:Warning:   Found in ini file 'E:/My Documents/Unreal Projects/CannonPrototype/Saved/Config/Windows/Engine.ini', in section '[/Script/Engine.RendererSettings]'
[2016.09.16-13.05.48:412][  0]LogInit: Selected Device Profile: [Windows]
[2016.09.16-13.05.48:412][  0]LogInit: Applying CVar settings loaded from the selected device profile: [Windows]
[2016.09.16-13.05.48:441][  0]LogInit: Computer: DANIEL-PC
[2016.09.16-13.05.48:441][  0]LogInit: User: Daniel
[2016.09.16-13.05.48:441][  0]LogInit: CPU Page size=4096, Cores=6
[2016.09.16-13.05.48:441][  0]LogInit: High frequency timer resolution =3.342753 MHz
[2016.09.16-13.05.48:441][  0]LogMemory: Memory total: Physical=8.0GB (8GB approx) Virtual=8192.0GB
[2016.09.16-13.05.48:442][  0]LogMemory: Platform Memory Stats for Windows
[2016.09.16-13.05.48:442][  0]LogMemory: Process Physical Memory: 47.92 MB used, 47.92 MB peak
[2016.09.16-13.05.48:442][  0]LogMemory: Process Virtual Memory: 27.04 MB used, 27.04 MB peak
[2016.09.16-13.05.48:442][  0]LogMemory: Physical Memory: 3847.63 MB used, 8189.37 MB total
[2016.09.16-13.05.48:442][  0]LogMemory: Virtual Memory: 279.68 MB used, 8388608.00 MB total
[2016.09.16-13.05.48:485][  0]LogD3D11RHI: Found D3D11 adapter 0: NVIDIA GeForce GTX 560 Ti (Feature Level 11_0)
[2016.09.16-13.05.48:485][  0]LogD3D11RHI: Adapter has 1999MB of dedicated video memory, 0MB of dedicated system memory, and 2047MB of shared system memory, 2 output[s]
[2016.09.16-13.05.48:485][  0]LogD3D11RHI: Chosen D3D11 Adapter Id = 0
[2016.09.16-13.05.48:492][  0]LogRHI: Texture pool is 1361 MB (70% of 1945 MB)
[2016.09.16-13.05.48:504][  0]LogD3D11RHI: Async texture creation enabled
[2016.09.16-13.05.48:571][  0]LogTextLocalizationManager: The requested culture ('en_US') has no localization data; parent culture's ('en') localization data will be used.
[2016.09.16-13.05.48:643][  0]LogTextLocalizationManager:Warning: Loading localization resources contain conflicting entries for (Namespace:UICommands, Key:Save_ToolTip):
Resource: (E:/Program Files/Epic Games/4.7/Engine/Content/Localization/Editor/en/Editor.locres) Hash: (-29098895) String: (Saves the current level to disk)
Resource: (E:/Program Files/Epic Games/4.7/Engine/Content/Localization/Engine/en/Engine.locres) Hash: (-1280300587) String: (Save selected data to vlog file)
[2016.09.16-13.05.48:643][  0]LogTextLocalizationManager:Warning: Loading localization resources contain conflicting entries for (Namespace:ContentBrowser, Key:ImportAssetToolTip):
Resource: (E:/Program Files/Epic Games/4.7/Engine/Content/Localization/Editor/en/Editor.locres) Hash: (-630476809) String: (Import to {0}...)
Resource: (E:/Program Files/Epic Games/4.7/Engine/Content/Localization/Editor/en/Editor.locres) Hash: (1271782899) String: (Imports an asset from file to this folder.)
[2016.09.16-13.05.48:752][  0]LogContentStreaming: Texture pool size is 0.000000MB
[2016.09.16-13.05.51:546][  0]LogTargetPlatformManager:Display: Building Assets For Windows
[2016.09.16-13.05.52:152][  0]LogTargetPlatformManager:Display: Building Assets For Windows
[2016.09.16-13.05.52:228][  0]LogDerivedDataCache:Display: Max Cache Size: 512 MB
[2016.09.16-13.05.52:299][  0]LogDerivedDataCache: Loaded boot cache 0.07s 39MB C:/Users/Daniel/AppData/Local/UnrealEngine/4.7/DerivedDataCache/Boot.ddc.
[2016.09.16-13.05.52:299][  0]LogDerivedDataCache:Display: Loaded Boot cache: C:/Users/Daniel/AppData/Local/UnrealEngine/4.7/DerivedDataCache/Boot.ddc
[2016.09.16-13.05.52:299][  0]LogDerivedDataCache: FDerivedDataBackendGraph:  Pak pak cache file ../../../../../../My Documents/Unreal Projects/CannonPrototype/DerivedDataCache/DDC.ddp not found, will not use a pak cache.
[2016.09.16-13.05.52:299][  0]LogDerivedDataCache: Unable to find inner node Pak for hierarchical cache Hierarchy.
[2016.09.16-13.05.52:442][  0]LogDerivedDataCache:Display: Pak cache opened for reading ../../../Engine/DerivedDataCache/Compressed.ddp.
[2016.09.16-13.05.52:453][  0]LogDerivedDataCache: Using Local data cache path C:/Users/Daniel/AppData/Local/UnrealEngine/Common/DerivedDataCache: Writable
[2016.09.16-13.05.52:863][  0]LogMeshUtilities: No automatic mesh reduction module available
[2016.09.16-13.05.52:863][  0]LogMeshUtilities: No automatic mesh merging module available
[2016.09.16-13.05.53:317][  0]LogInit: WinSock: version 1.1 (2.2), MaxSocks=32767, MaxUdp=65467
[2016.09.16-13.05.53:410][  0]LogSlate:Warning: Failed to load font data from '../../../Engine/Content/Slate/Fonts/Roboto-Italic.ttf'
[2016.09.16-13.05.54:368][  0]UdpMessaging: Initializing bridge on interface 0.0.0.0:0 to multicast group 230.0.0.1:6666.
[2016.09.16-13.05.54:590][  0]SourceControl: Info Source control is disabled
[2016.09.16-13.05.54:590][  0]SourceControl: Info Source control is disabled
[2016.09.16-13.05.54:590][  0]SourceControl: Info Source control is disabled
[2016.09.16-13.05.54:590][  0]LogSourceControl: RunCommandInternalRaw: 'git version'
[2016.09.16-13.05.54:590][  0]LogSourceControl: RunCommandInternalRaw: ExecProcess ReturnCode=2 OutResults=''
[2016.09.16-13.05.54:601][  0]SourceControl: Info Source control is disabled
[2016.09.16-13.05.54:827][  0]LogObj: 24232 objects as part of root set at end of initial load.
[2016.09.16-13.05.54:827][  0]LogUObjectAllocator: 5137176 out of 0 bytes used by permanent object pool.
[2016.09.16-13.05.54:940][  0]LogEngine: Initializing Engine...
[2016.09.16-13.05.58:148][  0]LogInit: XAudio2 using 'Headphones (High Definition Audio Device)' : 2 channels at 44.1 kHz using 16 bits per sample (channel mask 0x3)
[2016.09.16-13.05.58:156][  0]LogInit: FAudioDevice initialized.
[2016.09.16-13.05.58:201][  0]LogAIModule: Creating AISystem for world NewWorld
[2016.09.16-13.05.58:236][  0]LogDerivedDataCache: Saved boot cache 0.03s 39MB C:/Users/Daniel/AppData/Local/UnrealEngine/4.7/DerivedDataCache/Boot.ddc.
[2016.09.16-13.05.58:249][  0]LogInit: Texture streaming: Enabled
[2016.09.16-13.05.58:361][  0]LogAnalytics: Creating configured Analytics provider AnalyticsET
[2016.09.16-13.05.58:361][  0]LogAnalytics: ET APIKey = Rocket.Release. APIServer = http://et2.epicgames.com/ET2/. AppVersion = 4.7.6-2513093+++depot+UE4-Releases+4.7
[2016.09.16-13.05.58:361][  0]LogAnalytics: ET APIKey = Rocket.Release. DataRouterUploadURL = https://datarouter-public-service-gamedev.ol.epicgames.net/datarouter/api/v1/public/data. AppVersion = 4.7.6-2513093+++depot+UE4-Releases+4.7
[2016.09.16-13.05.58:361][  0]LogAnalytics: SetUserId 9ef90d664b98b154b521e2b3f665222b|b42558549bc944ae9f40a3b9117bdc1c|f3722435-8766-4c54-ac16-a0f8e0458709
[2016.09.16-13.05.58:361][  0]LogAnalytics: AnalyticsET::StartSession [Rocket.Release]
[2016.09.16-13.05.58:389][  0]LogInit: Transaction tracking system initialized
[2016.09.16-13.05.58:584][  0]BlueprintLog: New page: Editor Load
[2016.09.16-13.05.58:623][  0]LogAssetRegistry: FAssetRegistry took 0.0101 seconds to start up
[2016.09.16-13.05.58:623][  0]LogDirectoryWatcher:Warning: Failed to begin reading directory changes for ../../../Engine/Plugins/Experimental/CharacterAI/Content/. Error: 0
[2016.09.16-13.05.59:270][  0]LogTargetPlatformManager:Display: Building Assets For Windows
[2016.09.16-13.05.59:740][  0]LogTargetPlatformManager:Display: Building Assets For Windows
[2016.09.16-13.06.00:121][  0]LogSlate:Warning: Failed to load font data from '../../../Engine/Content/Editor/Slate/Fonts/Roboto-Regular.ttf'
[2016.09.16-13.06.00:121][  0]LogSlate:Warning: Failed to load font data from '../../../Engine/Content/Editor/Slate/Fonts/Roboto-Bold.ttf'
[2016.09.16-13.06.00:127][  0]LogConsoleResponse:Display: 
[2016.09.16-13.06.00:477][  0]LogCook:Display: Done creating registry. It took  0.00s.
[2016.09.16-13.06.00:639][  0]SourceControl: Info Source control is disabled
[2016.09.16-13.06.00:639][  0]Cmd: MAP LOAD FILE="../../../../../../My Documents/Unreal Projects/CannonPrototype/Content/RollingBP/Maps/RollingBPExampleMap.umap" TEMPLATE=0 SHOWPROGRESS=1 FEATURELEVEL=3
[2016.09.16-13.06.00:749][  0]LightingResults: New page: Lighting Build
[2016.09.16-13.06.00:763][  0]MapCheck: New page: Map Check
[2016.09.16-13.06.00:763][  0]LightingResults: New page: Lighting Build
[2016.09.16-13.06.00:772][  0]LogParticles: Destroying 0 GPU particle simulations for FXSystem 0x0000000015C42980
[2016.09.16-13.06.04:458][  0]LogEditorServer: Finished looking for orphan Actors (0.000 secs)
[2016.09.16-13.06.07:048][  0]LogAIModule: Creating AISystem for world RollingBPExampleMap
[2016.09.16-13.06.07:048][  0]Cmd: MAP CHECKDEP
[2016.09.16-13.06.07:049][  0]MapCheck: New page: RollingBPExampleMap - Sep 16, 2016, 3:06:07 AM
[2016.09.16-13.06.07:139][  0]MapCheck: Info Map check complete: 0 Error(s), 0 Warning(s), took 90.207ms to complete.
[2016.09.16-13.06.07:139][  0]LogFileHelpers: Loading map 'RollingBPExampleMap' took 6.500
[2016.09.16-13.06.08:400][  0]LogCrashTracker: Crashtracker disabled due to settings.
[2016.09.16-13.06.08:436][  0]LogSlate:Warning: Failed to load font data from 'Veranda'
[2016.09.16-13.06.08:504][  0]LogLoad: Full Startup: 23.26 seconds (BP compile: 0.30 seconds)
[2016.09.16-13.06.10:235][  0]LogRenderer:Warning: Reallocating scene render targets to support 1184x928 (Frame:2).
[2016.09.16-13.06.10:543][  1]LogEditorViewport: Clicking on Actor (LMB): BP_Sky_Sphere_C (SkyShereBlueprint)
[2016.09.16-13.06.12:358][  5]LogAssetRegistry: Asset discovery search completed in 13.7461 seconds
[2016.09.16-13.09.08:868][ 25]LogEditorViewport: Clicking on Actor (context menu): StaticMeshActor (Ground)
[2016.09.16-13.09.10:977][115]LogEditorViewport: Clicking on Actor (LMB): StaticMeshActor (Ground)
[2016.09.16-13.09.13:990][298]LogEditorViewport: Clicking on Actor (LMB): PhysicsBallBP_C (PhysicsBallBP)
[2016.09.16-13.09.16:201][412]LogEditorViewport: Clicking on Actor (LMB): PhysicsBallBP_C (PhysicsBallBP)
[2016.09.16-13.09.17:113][459]LogEditorViewport: Clicking on Actor (LMB): StaticMeshActor (TemplateCube_Rounded_44)
[2016.09.16-13.09.55:857][853]LogEditorViewport: Clicking on Actor (LMB): PlayerStart (NetworkPlayerStart)
[2016.09.16-13.10.01:394][176]LogCollectionManager: Loaded 0 collections in 0.001787 seconds
[2016.09.16-13.10.01:406][176]LogContentBrowser: Native class hierarchy populated in 0.0111 seconds. Added 1697 classes and 263 folders.
[2016.09.16-13.11.11:733][959]LogContentBrowser: Native class hierarchy updated for 'WorldBrowser' in 0.0020 seconds. Added 1 classes and 3 folders.
[2016.09.16-13.11.33:746][283]Cmd: CLOSE_SLATE_MAINFRAME
[2016.09.16-13.11.33:789][283]LogParticles: Destroying 0 GPU particle simulations for FXSystem 0x000000005B8D9080
[2016.09.16-13.11.34:693][284]Cmd: QUIT_EDITOR
[2016.09.16-13.11.35:584][284]LogExit: Preparing to exit.
[2016.09.16-13.11.38:590][284]LogExit: Editor shut down
[2016.09.16-13.11.38:590][284]LogExit: Transaction tracking system shut down
[2016.09.16-13.11.38:592][284]LogParticles: Destroying 0 GPU particle simulations for FXSystem 0x000000000E61A020
[2016.09.16-13.11.38:593][284]LogParticles: Destroying 0 GPU particle simulations for FXSystem 0x00000000192E0AE0
[2016.09.16-13.11.38:593][284]LogParticles: Destroying 0 GPU particle simulations for FXSystem 0x000000003E710C20
[2016.09.16-13.11.38:593][284]LogParticles: Destroying 0 GPU particle simulations for FXSystem 0x000000003E710FE0
[2016.09.16-13.11.38:594][284]LogParticles: Destroying 0 GPU particle simulations for FXSystem 0x000000005B8DB560
[2016.09.16-13.11.43:730][284]LogExit: Object subsystem successfully closed.
[2016.09.16-13.11.46:573][284]LogModuleManager: Shutting down and abandoning module WorldBrowser (178)
[2016.09.16-13.11.46:623][284]LogModuleManager: Shutting down and abandoning module CollectionManager (177)
[2016.09.16-13.11.46:675][284]LogModuleManager: Shutting down and abandoning module EditorWidgets (176)
[2016.09.16-13.11.46:675][284]LogModuleManager: Shutting down and abandoning module CrashTracker (175)
[2016.09.16-13.11.46:675][284]LogModuleManager: Shutting down and abandoning module SuperSearch (174)
[2016.09.16-13.11.46:675][284]LogModuleManager: Shutting down and abandoning module SceneOutliner (173)
[2016.09.16-13.11.46:675][284]LogModuleManager: Shutting down and abandoning module StatsViewer (172)
[2016.09.16-13.11.46:675][284]LogModuleManager: Shutting down and abandoning module FoliageEdit (171)
[2016.09.16-13.11.46:675][284]LogModuleManager: Shutting down and abandoning module LandscapeEditor (170)
[2016.09.16-13.11.46:798][284]LogModuleManager: Shutting down and abandoning module MeshPaint (169)
[2016.09.16-13.11.46:808][284]LogModuleManager: Shutting down and abandoning module ActorPickerMode (168)
[2016.09.16-13.11.46:808][284]LogModuleManager: Shutting down and abandoning module GeometryMode (167)
[2016.09.16-13.11.46:808][284]LogModuleManager: Shutting down and abandoning module TextureAlignMode (166)
[2016.09.16-13.11.46:808][284]LogModuleManager: Shutting down and abandoning module BspMode (165)
[2016.09.16-13.11.46:808][284]LogModuleManager: Shutting down and abandoning module PlacementMode (164)
[2016.09.16-13.11.46:808][284]LogModuleManager: Shutting down and abandoning module AutomationWorker (163)
[2016.09.16-13.11.46:808][284]LogModuleManager: Shutting down and abandoning module CharacterAI (162)
[2016.09.16-13.11.46:808][284]LogModuleManager: Shutting down and abandoning module SmartSnapping (161)
[2016.09.16-13.11.46:808][284]LogModuleManager: Shutting down and abandoning module ViewportSnapping (160)
[2016.09.16-13.11.46:808][284]LogModuleManager: Shutting down and abandoning module LogVisualizer (159)
[2016.09.16-13.11.47:127][284]LogModuleManager: Shutting down and abandoning module GameProjectGeneration (158)
[2016.09.16-13.11.47:185][284]LogModuleManager: Shutting down and abandoning module IntroTutorials (157)
[2016.09.16-13.11.47:250][284]LogModuleManager: Shutting down and abandoning module EditorLiveStreaming (156)
[2016.09.16-13.11.47:267][284]LogModuleManager: Shutting down and abandoning module HardwareTargeting (155)
[2016.09.16-13.11.47:267][284]LogModuleManager: Shutting down and abandoning module DeviceProfileEditor (154)
[2016.09.16-13.11.47:373][284]LogModuleManager: Shutting down and abandoning module UndoHistory (153)
[2016.09.16-13.11.47:427][284]LogModuleManager: Shutting down and abandoning module GameplayTagsEditor (152)
[2016.09.16-13.11.47:427][284]LogModuleManager: Shutting down and abandoning module UserFeedback (151)
[2016.09.16-13.11.47:427][284]LogModuleManager: Shutting down and abandoning module XmlParser (150)
[2016.09.16-13.11.47:446][284]LogModuleManager: Shutting down and abandoning module Blutility (149)
[2016.09.16-13.11.47:446][284]LogModuleManager: Shutting down and abandoning module IOSPlatformEditor (148)
[2016.09.16-13.11.47:446][284]LogModuleManager: Shutting down and abandoning module IOSRuntimeSettings (147)
[2016.09.16-13.11.47:446][284]LogModuleManager: Shutting down and abandoning module AndroidDeviceDetection (146)
[2016.09.16-13.11.47:856][284]LogModuleManager: Shutting down and abandoning module AndroidPlatformEditor (145)
[2016.09.16-13.11.47:856][284]LogModuleManager: Shutting down and abandoning module AndroidRuntimeSettings (144)
[2016.09.16-13.11.47:856][284]LogModuleManager: Shutting down and abandoning module ProjectTargetPlatformEditor (143)
[2016.09.16-13.11.47:893][284]LogModuleManager: Shutting down and abandoning module ProjectSettingsViewer (142)
[2016.09.16-13.11.47:893][284]LogModuleManager: Shutting down and abandoning module InputBindingEditor (141)
[2016.09.16-13.11.48:012][284]LogModuleManager: Shutting down and abandoning module EditorSettingsViewer (140)
[2016.09.16-13.11.48:012][284]LogModuleManager: Shutting down and abandoning module SettingsEditor (139)
[2016.09.16-13.11.48:030][284]LogModuleManager: Shutting down and abandoning module ProjectLauncher (138)
[2016.09.16-13.11.48:049][284]LogModuleManager: Shutting down and abandoning module SessionFrontend (137)
[2016.09.16-13.11.48:081][284]LogModuleManager: Shutting down and abandoning module ProfilerClient (136)
[2016.09.16-13.11.48:093][284]LogModuleManager: Shutting down and abandoning module TargetDeviceServices (135)
[2016.09.16-13.11.48:093][284]LogModuleManager: Shutting down and abandoning module DeviceManager (134)
[2016.09.16-13.11.48:119][284]LogModuleManager: Shutting down and abandoning module AutomationController (133)
[2016.09.16-13.11.48:142][284]LogModuleManager: Shutting down and abandoning module AutomationWindow (132)
[2016.09.16-13.11.48:161][284]LogModuleManager: Shutting down and abandoning module Layers (131)
[2016.09.16-13.11.48:161][284]LogModuleManager: Shutting down and abandoning module ComponentVisualizers (130)
[2016.09.16-13.11.48:161][284]LogModuleManager: Shutting down and abandoning module DetailCustomizations (129)
[2016.09.16-13.11.48:161][284]LogModuleManager: Shutting down and abandoning module PackagesDialog (128)
[2016.09.16-13.11.48:188][284]LogModuleManager: Shutting down and abandoning module AssetRegistry (127)
[2016.09.16-13.11.48:394][284]LogModuleManager: Shutting down and abandoning module Persona (126)
[2016.09.16-13.11.48:543][284]LogModuleManager: Shutting down and abandoning module SlateReflector (125)
[2016.09.16-13.11.48:602][284]LogModuleManager: Shutting down and abandoning module LevelEditor (124)
[2016.09.16-13.11.48:659][284]LogModuleManager: Shutting down and abandoning module Kismet (123)
[2016.09.16-13.11.48:659][284]LogModuleManager: Shutting down and abandoning module GraphEditor (122)
[2016.09.16-13.11.48:659][284]LogModuleManager: Shutting down and abandoning module ClassViewer (121)
[2016.09.16-13.11.48:659][284]LogModuleManager: Shutting down and abandoning module Toolbox (120)
[2016.09.16-13.11.48:659][284]LogModuleManager: Shutting down and abandoning module ModuleUI (119)
[2016.09.16-13.11.48:702][284]LogModuleManager: Shutting down and abandoning module MovieSceneTools (118)
[2016.09.16-13.11.48:744][284]LogModuleManager: Shutting down and abandoning module OutputLog (117)
[2016.09.16-13.11.48:744][284]LogModuleManager: Shutting down and abandoning module GammaUI (116)
[2016.09.16-13.11.48:771][284]LogModuleManager: Shutting down and abandoning module Documentation (115)
[2016.09.16-13.11.48:771][284]LogModuleManager: Shutting down and abandoning module GameLiveStreaming (114)
[2016.09.16-13.11.48:811][284]LogModuleManager: Shutting down and abandoning module StreamingPauseRendering (113)
[2016.09.16-13.11.48:823][284]LogModuleManager: Shutting down and abandoning module HTTP (112)
[2016.09.16-13.11.48:824][284]LogModuleManager: Shutting down and abandoning module AnalyticsET (111)
[2016.09.16-13.11.48:824][284]LogModuleManager: Shutting down and abandoning module Analytics (110)
[2016.09.16-13.11.48:824][284]LogModuleManager: Shutting down and abandoning module AITestSuite (109)
[2016.09.16-13.11.48:852][284]LogModuleManager: Shutting down and abandoning module GameplayDebugger (108)
[2016.09.16-13.11.48:853][284]LogModuleManager: Shutting down and abandoning module AIModule (107)
[2016.09.16-13.11.48:876][284]LogModuleManager: Shutting down and abandoning module ProfilerService (106)
[2016.09.16-13.11.49:152][284]LogModuleManager: Shutting down and abandoning module TaskGraph (105)
[2016.09.16-13.11.49:203][284]LogModuleManager: Shutting down and abandoning module SlateRemote (104)
[2016.09.16-13.11.49:203][284]LogModuleManager: Shutting down and abandoning module ScriptEditorPlugin (103)
[2016.09.16-13.11.49:203][284]LogModuleManager: Shutting down and abandoning module CustomMeshComponent (102)
[2016.09.16-13.11.49:203][284]LogModuleManager: Shutting down and abandoning module CableComponent (101)
[2016.09.16-13.11.49:227][284]LogModuleManager: Shutting down and abandoning module MessagingDebugger (100)
[2016.09.16-13.11.49:312][284]LogModuleManager: Shutting down and abandoning module MediaPlayerEditor (99)
[2016.09.16-13.11.49:362][284]LogModuleManager: Shutting down and abandoning module SpeedTreeImporter (98)
[2016.09.16-13.11.49:362][284]LogModuleManager: Shutting down and abandoning module PluginsEditor (97)
[2016.09.16-13.11.49:384][284]LogModuleManager: Shutting down and abandoning module MainFrame (96)
[2016.09.16-13.11.49:414][284]LogModuleManager: Shutting down and abandoning module EpicSurvey (95)
[2016.09.16-13.11.49:475][284]LogModuleManager: Shutting down and abandoning module DesktopPlatform (94)
[2016.09.16-13.11.49:541][284]LogModuleManager: Shutting down and abandoning module DirectoryWatcher (93)
[2016.09.16-13.11.49:541][284]LogModuleManager: Shutting down and abandoning module HotReload (92)
[2016.09.16-13.11.49:541][284]LogModuleManager: Shutting down and abandoning module VisualStudioSourceCodeAccess (91)
[2016.09.16-13.11.49:541][284]LogModuleManager: Shutting down and abandoning module UObjectPlugin (90)
[2016.09.16-13.11.49:541][284]LogModuleManager: Shutting down and abandoning module SubversionSourceControl (89)
[2016.09.16-13.11.49:577][284]LogModuleManager: Shutting down and abandoning module PerforceSourceControl (88)
[2016.09.16-13.11.49:642][284]LogModuleManager: Shutting down and abandoning module SourceControl (87)
[2016.09.16-13.11.49:655][284]LogModuleManager: Shutting down and abandoning module GitSourceControl (86)
[2016.09.16-13.11.49:672][284]LogModuleManager: Shutting down and abandoning module BlankPlugin (85)
[2016.09.16-13.11.49:672][284]LogModuleManager: Shutting down and abandoning module PaperTiledImporter (84)
[2016.09.16-13.11.49:672][284]LogModuleManager: Shutting down and abandoning module PaperJsonImporter (83)
[2016.09.16-13.11.49:672][284]LogModuleManager: Shutting down and abandoning module ContentBrowser (82)
[2016.09.16-13.11.49:673][284]LogModuleManager: Shutting down and abandoning module Paper2DEditor (81)
[2016.09.16-13.11.49:699][284]LogModuleManager: Shutting down and abandoning module ScriptPlugin (80)
[2016.09.16-13.11.49:704][284]LogModuleManager: Shutting down and abandoning module UdpMessaging (79)
[2016.09.16-13.11.49:804][284]LogModuleManager: Shutting down and abandoning module Paper2D (78)
[2016.09.16-13.11.49:839][284]LogModuleManager: Shutting down and abandoning module WindowsMoviePlayer (77)
[2016.09.16-13.11.49:842][284]LogModuleManager: Shutting down and abandoning module Media (76)
[2016.09.16-13.11.49:842][284]LogModuleManager: Shutting down and abandoning module WmfMedia (75)
[2016.09.16-13.11.49:844][284]LogModuleManager: Shutting down and abandoning module OnlineBlueprintSupport (74)
[2016.09.16-13.11.49:844][284]LogModuleManager: Shutting down and abandoning module PropertyEditor (73)
[2016.09.16-13.11.49:844][284]LogModuleManager: Shutting down and abandoning module BehaviorTreeEditor (72)
[2016.09.16-13.11.49:951][284]LogModuleManager: Shutting down and abandoning module FunctionalTesting (71)
[2016.09.16-13.11.50:001][284]LogModuleManager: Shutting down and abandoning module CollisionAnalyzer (70)
[2016.09.16-13.11.50:090][284]LogModuleManager: Shutting down and abandoning module WorkspaceMenuStructure (69)
[2016.09.16-13.11.50:090][284]LogModuleManager: Shutting down and abandoning module MessageLog (68)
[2016.09.16-13.11.50:090][284]LogModuleManager: Shutting down and abandoning module Sequencer (67)
[2016.09.16-13.11.50:169][284]LogModuleManager: Shutting down and abandoning module AssetTools (66)
[2016.09.16-13.11.50:322][284]LogModuleManager: Shutting down and abandoning module UMGEditor (65)
[2016.09.16-13.11.50:341][284]LogModuleManager: Shutting down and abandoning module UMG (64)
[2016.09.16-13.11.50:382][284]LogModuleManager: Shutting down and abandoning module Slate (63)
[2016.09.16-13.11.50:382][284]LogModuleManager: Shutting down and abandoning module EditorStyle (62)
[2016.09.16-13.11.50:386][284]LogModuleManager: Shutting down and abandoning module SessionServices (61)
[2016.09.16-13.11.50:386][284]LogModuleManager: Shutting down and abandoning module SourceCodeAccess (60)
[2016.09.16-13.11.50:386][284]LogModuleManager: Shutting down and abandoning module HeadMountedDisplay (59)
[2016.09.16-13.11.50:386][284]LogModuleManager: Shutting down and abandoning module XAudio2 (58)
[2016.09.16-13.11.50:386][284]LogModuleManager: Shutting down and abandoning module Networking (56)
[2016.09.16-13.11.50:386][284]LogModuleManager: Shutting down and abandoning module Core (55)
[2016.09.16-13.11.50:386][284]LogModuleManager: Shutting down and abandoning module KismetCompiler (54)
[2016.09.16-13.11.50:386][284]LogModuleManager: Shutting down and abandoning module PhysXFormats (53)
[2016.09.16-13.11.50:386][284]LogModuleManager: Shutting down and abandoning module MeshUtilities (52)
[2016.09.16-13.11.50:460][284]LogModuleManager: Shutting down and abandoning module DerivedDataCache (51)
[2016.09.16-13.11.50:541][284]LogDerivedDataCache: Shutdown
[2016.09.16-13.11.50:541][284]LogModuleManager: Shutting down and abandoning module ShaderFormatOpenGL (50)
[2016.09.16-13.11.50:561][284]LogModuleManager: Shutting down and abandoning module ShaderFormatD3D (49)
[2016.09.16-13.11.50:616][284]LogModuleManager: Shutting down and abandoning module MetalShaderFormat (48)
[2016.09.16-13.11.50:635][284]LogModuleManager: Shutting down and abandoning module TextureFormatUncompressed (47)
[2016.09.16-13.11.50:635][284]LogModuleManager: Shutting down and abandoning module TextureFormatPVR (46)
[2016.09.16-13.11.50:687][284]LogModuleManager: Shutting down and abandoning module TextureFormatIntelISPCTexComp (45)
[2016.09.16-13.11.50:720][284]LogModuleManager: Shutting down and abandoning module TextureFormatDXT (44)
[2016.09.16-13.11.50:777][284]LogModuleManager: Shutting down and abandoning module ImageWrapper (43)
[2016.09.16-13.11.50:777][284]LogModuleManager: Shutting down and abandoning module TextureFormatASTC (42)
[2016.09.16-13.11.50:812][284]LogModuleManager: Shutting down and abandoning module TextureFormatAndroid (41)
[2016.09.16-13.11.50:812][284]LogModuleManager: Shutting down and abandoning module AudioFormatOpus (40)
[2016.09.16-13.11.50:866][284]LogModuleManager: Shutting down and abandoning module AudioFormatOgg (39)
[2016.09.16-13.11.50:866][284]LogModuleManager: Shutting down and abandoning module AudioFormatADPCM (38)
[2016.09.16-13.11.50:866][284]LogModuleManager: Shutting down and abandoning module LinuxTargetPlatform (37)
[2016.09.16-13.11.50:867][284]LogModuleManager: Shutting down and abandoning module LinuxServerTargetPlatform (36)
[2016.09.16-13.11.50:886][284]LogModuleManager: Shutting down and abandoning module LinuxNoEditorTargetPlatform (35)
[2016.09.16-13.11.50:951][284]LogModuleManager: Shutting down and abandoning module Messaging (34)
[2016.09.16-13.11.50:951][284]LogModuleManager: Shutting down and abandoning module IOSTargetPlatform (33)
[2016.09.16-13.11.50:951][284]LogModuleManager: Shutting down and abandoning module HTML5TargetPlatform (32)
[2016.09.16-13.11.50:951][284]LogModuleManager: Shutting down and abandoning module Android_PVRTCTargetPlatform (31)
[2016.09.16-13.11.50:951][284]LogModuleManager: Shutting down and abandoning module Android_ETC2TargetPlatform (30)
[2016.09.16-13.11.50:951][284]LogModuleManager: Shutting down and abandoning module Android_ETC1TargetPlatform (29)
[2016.09.16-13.11.50:951][284]LogModuleManager: Shutting down and abandoning module Android_ES31TargetPlatform (28)
[2016.09.16-13.11.50:951][284]LogModuleManager: Shutting down and abandoning module Android_DXTTargetPlatform (27)
[2016.09.16-13.11.50:951][284]LogModuleManager: Shutting down and abandoning module Android_ATCTargetPlatform (26)
[2016.09.16-13.11.50:951][284]LogModuleManager: Shutting down and abandoning module AndroidTargetPlatform (25)
[2016.09.16-13.11.50:951][284]LogModuleManager: Shutting down and abandoning module WindowsTargetPlatform (24)
[2016.09.16-13.11.50:951][284]LogModuleManager: Shutting down and abandoning module WindowsServerTargetPlatform (23)
[2016.09.16-13.11.50:951][284]LogModuleManager: Shutting down and abandoning module WindowsNoEditorTargetPlatform (22)
[2016.09.16-13.11.50:951][284]LogModuleManager: Shutting down and abandoning module WindowsClientTargetPlatform (21)
[2016.09.16-13.11.50:951][284]LogModuleManager: Shutting down and abandoning module TargetPlatform (20)
[2016.09.16-13.11.50:951][284]LogModuleManager: Shutting down and abandoning module InputCore (19)
[2016.09.16-13.11.50:951][284]LogModuleManager: Shutting down and abandoning module Settings (18)
[2016.09.16-13.11.50:951][284]LogModuleManager: Shutting down and abandoning module OnlineSubsystem (16)
[2016.09.16-13.11.50:951][284]LogModuleManager: Shutting down and abandoning module OculusRift (15)
[2016.09.16-13.11.50:951][284]LogModuleManager: Shutting down and abandoning module ExampleDeviceProfileSelector (14)
[2016.09.16-13.11.50:951][284]LogModuleManager: Shutting down and abandoning module TextureCompressor (13)
[2016.09.16-13.11.50:951][284]LogModuleManager: Shutting down and abandoning module ShaderCore (12)
[2016.09.16-13.11.50:951][284]LogModuleManager: Shutting down and abandoning module Landscape (11)
[2016.09.16-13.11.50:951][284]LogModuleManager: Shutting down and abandoning module SlateRHIRenderer (10)
[2016.09.16-13.11.51:057][284]LogModuleManager: Shutting down and abandoning module OpenGLDrv (9)
[2016.09.16-13.11.51:057][284]LogModuleManager: Shutting down and abandoning module D3D11RHI (8)
[2016.09.16-13.11.51:057][284]LogModuleManager: Shutting down and abandoning module Renderer (7)
[2016.09.16-13.11.51:057][284]LogModuleManager: Shutting down and abandoning module Engine (6)
[2016.09.16-13.11.51:057][284]LogModuleManager: Shutting down and abandoning module CoreUObject (5)
[2016.09.16-13.11.51:057][284]LogModuleManager: Shutting down and abandoning module NetworkFile (4)
[2016.09.16-13.11.51:147][284]LogModuleManager: Shutting down and abandoning module StreamingFile (3)
[2016.09.16-13.11.51:147][284]LogModuleManager: Shutting down and abandoning module SandboxFile (2)
[2016.09.16-13.11.51:197][284]LogModuleManager: Shutting down and abandoning module PakFile (1)
[2016.09.16-13.11.51:226][284]LogExit: Exiting.
[2016.09.16-13.11.51:250][284]Log file closed, 09/16/16 08:11:51
